
=== FORMSPLIT ===
бар__ма	6
Ешкім__де	5
басқа__да	4
Әмір__Темір	2
пайда__болған	2
орын__алды	2
кетті__де	2
және__де	2
жүзеге__асырылады	2
жақсы__көреді	2
жауап__береді	2
жауап__ала	2
екеуі__де	2
бола__ма	2
аласыз__ба	2
Сонымен__қатар	2
Ешкімді__де	2
өркен__жайды	1
өнер__де	1
өмір__сүруіне	1
өмір__сүруге	1
өмір__сүрген	1
өзінде__де	1
әскерімен__де	1
әрекет__етіп	1
әр__түрлі	1
Әлі__де__болса	1
ұшырасқан__жоқ	1
ұлы__да	1
құс__та	1
қымбат__қой	1
қылса__да	1
қыларлық__қана	1
қоңырау__шалуға	1
қонақ__үйді	1
қол__қойды	1
қам__жемейді	1
қайшы__келмеуі	1
қаза__тапқан	1
қабыл__алды	1
Қожа__да	1
ғылым__да	1
іске__қосылды	1
хикмет__те	1
тұрған__жоқ	1
түрде__ғана	1
тыйым__салынған	1
тоқтай__ма	1
темір__жол	1
танырлық__қана	1
сөйлейсіз__бе	1
сыйламайды__екенсің	1
сыйлайды__екенсің	1
салсаң__да	1
салалары__да	1
сай__болыпты	1
пайда__болды	1
оңтүстік__америкалық	1
оқыған__жоқ	1
оқытқан__да	1
ол__да	1
не__болмаса	1
мал__да	1
көрер__ме	1
көрдіңдер__ме	1
көрдің__бе	1
кетпесем__бе	1
кетеді__де	1
келген__жоқ	1
ие__болуы	1
ие__болды	1
жұмыс__істейді	1
жұмыс__істей	1
жұмыс__істеді	1
жүрсе__де	1
жүзеге__асырған	1
жүзеге__асырылуы	1
жыл__сайын	1
жейтін__бе	1
жан__басына	1
жалғыз__ғана	1
ең__басты	1
ешкім__де	1
еш__қашан	1
еш__нәрсені	1
естіген__жоқ__екен	1
ескерткіштер__де	1
енгізілген__бе	1
елдерінде__де	1
бөлімде__ғана	1
бір__нәрсе	1
білсе__де	1
білесіз__бе	1
біз__де	1
болғанда__да	1
болса__да	1
бойынша__ғана	1
бауырымен__жорғалаушылардың	1
басын__да	1
бас__көтеруіне	1
балалары__да	1
бала__да	1
аңдысам__екен	1
аң__да	1
ашылса__да	1
ауыл__шаруашылығында	1
ауыл__шаруашылығы	1
араласқан__жоқ	1
алып__келді	1
алсам__екен	1
алмай__да	1
алды__да	1
адам__баласы	1
Төстік__те	1
Таңғы__ас	1
Сөйтсе__де	1
Сүйсем__де	1
Сонда__да	1
Оңтүстік__Америкада	1
Осы__себептен	1
Орта__Азияның	1
Он__екі	1
Көп__ұзамай	1
Және__де	1
Дінге__де	1
Біріккен__Ұлттар__Ұйымының	1
Ауыл__шаруашылығы	1
Ауа__райы	1
Азамат__шығар	1

=== UPOSTAG ===
NOUN	1411
PUNCT	858
VERB	793
ADJ	312
PROPN	287
NUM	188
_	166
PRON	135
CONJ	117
AUX	91
DET	82
ADP	78
PART	75
ADV	73
SCONJ	10
INTJ	4
SYM	2

=== XPOSTAG ===
n	1356
v	688
sent	433
adj	312
np	287
cm	274
num	188
_	166
prn	135
cnjcoo	117
cop	105
vaux	91
det	82
post	78
adv	73
guio	69
abbr	55
postadv	51
rpar	37
lpar	37
qst	21
cnjadv	9
rquot	4
lquot	4
ij	4
sym	2
mod_ass	1
mod	1
emph	1
cnjsub	1

=== FEATS ===
nom	1031
px3sp	587
sg	506
p3	490
tv	422
pl	288
iv	266
aor	237
dat	208
gen	188
loc	173
ifi	168
top	158
acc	149
pass	106
abl	92
gna_perf	88
ger	83
ant	81
m	72
pers	68
neg	67
attr	65
dem	61
prc_perf	57
gpr_past	51
ins	46
p2	45
p1	38
ger_past	38
prc_impf	34
advl	32
subst	30
itg	30
past	27
al	26
qnt	25
evid	22
pres	21
frm	21
ind	18
imp	18
cog	17
ref	15
gna_cond	15
f	15
gpr_impf	14
mf	13
px1sg	12
px2sg	11
opt	10
percent	8
ord	6
coop	6
sim	5
comp	5
gpr_pot	4
fut	4
org	3
gna_impf	3
coll	3
vol	2
px3pl	2
pat	2
ger_perf	2
adv	2
recip	1
px1pl	1
prc_vol	1
prc_cond	1
pih	1
gpr_fut	1
gna_until	1
ger_impf	1
ger_fplan	1
ger_abs	1
def	1

=== DEPREL ===
punct	860
nmod	465
nsubj	420
root	402
nmod:poss	398
amod	280
conj	242
dobj	217
_	166
advmod	151
advcl	147
cop	142
cc	123
aux	92
det	83
acl	80
case	78
compound	50
nummod	48
appos	48
ccomp	47
name	30
discourse	30
parataxis	28
remnant	24
csubj	24
vocative	3
xcomp	2
mark	1
iobj	1
